{"D:\\dev\\stellar-burgers\\src\\services\\slices\\constructorSlice.ts": {"path":"D:\\dev\\stellar-burgers\\src\\services\\slices\\constructorSlice.ts","all":false,"statementMap":{"0":{"start":{"line":1,"column":0},"end":{"line":1,"column":62}},"1":{"start":{"line":2,"column":0},"end":{"line":2,"column":67}},"2":{"start":{"line":3,"column":0},"end":{"line":3,"column":36}},"3":{"start":{"line":4,"column":0},"end":{"line":4,"column":0}},"4":{"start":{"line":5,"column":0},"end":{"line":5,"column":26}},"5":{"start":{"line":6,"column":0},"end":{"line":6,"column":26}},"6":{"start":{"line":7,"column":0},"end":{"line":7,"column":40}},"7":{"start":{"line":8,"column":0},"end":{"line":8,"column":2}},"8":{"start":{"line":9,"column":0},"end":{"line":9,"column":0}},"9":{"start":{"line":10,"column":0},"end":{"line":10,"column":41}},"10":{"start":{"line":11,"column":0},"end":{"line":11,"column":12}},"11":{"start":{"line":12,"column":0},"end":{"line":12,"column":17}},"12":{"start":{"line":13,"column":0},"end":{"line":13,"column":2}},"13":{"start":{"line":14,"column":0},"end":{"line":14,"column":0}},"14":{"start":{"line":15,"column":0},"end":{"line":15,"column":38}},"15":{"start":{"line":16,"column":0},"end":{"line":16,"column":28}},"16":{"start":{"line":17,"column":0},"end":{"line":17,"column":15}},"17":{"start":{"line":18,"column":0},"end":{"line":18,"column":13}},"18":{"start":{"line":19,"column":0},"end":{"line":19,"column":20}},"19":{"start":{"line":20,"column":0},"end":{"line":20,"column":74}},"20":{"start":{"line":21,"column":0},"end":{"line":21,"column":44}},"21":{"start":{"line":22,"column":0},"end":{"line":22,"column":37}},"22":{"start":{"line":23,"column":0},"end":{"line":23,"column":17}},"23":{"start":{"line":24,"column":0},"end":{"line":24,"column":9}},"24":{"start":{"line":25,"column":0},"end":{"line":25,"column":47}},"25":{"start":{"line":26,"column":0},"end":{"line":26,"column":8}},"26":{"start":{"line":27,"column":0},"end":{"line":27,"column":46}},"27":{"start":{"line":28,"column":0},"end":{"line":28,"column":48}},"28":{"start":{"line":29,"column":0},"end":{"line":29,"column":8}},"29":{"start":{"line":30,"column":0},"end":{"line":30,"column":6}},"30":{"start":{"line":31,"column":0},"end":{"line":31,"column":65}},"31":{"start":{"line":32,"column":0},"end":{"line":32,"column":51}},"32":{"start":{"line":33,"column":0},"end":{"line":33,"column":56}},"33":{"start":{"line":34,"column":0},"end":{"line":34,"column":8}},"34":{"start":{"line":35,"column":0},"end":{"line":35,"column":6}},"35":{"start":{"line":36,"column":0},"end":{"line":36,"column":65}},"36":{"start":{"line":37,"column":0},"end":{"line":37,"column":35}},"37":{"start":{"line":38,"column":0},"end":{"line":38,"column":23}},"38":{"start":{"line":39,"column":0},"end":{"line":39,"column":15}},"39":{"start":{"line":40,"column":0},"end":{"line":40,"column":7}},"40":{"start":{"line":41,"column":0},"end":{"line":41,"column":42}},"41":{"start":{"line":42,"column":0},"end":{"line":42,"column":70}},"42":{"start":{"line":43,"column":0},"end":{"line":43,"column":31}},"43":{"start":{"line":44,"column":0},"end":{"line":44,"column":6}},"44":{"start":{"line":45,"column":0},"end":{"line":45,"column":67}},"45":{"start":{"line":46,"column":0},"end":{"line":46,"column":35}},"46":{"start":{"line":47,"column":0},"end":{"line":47,"column":50}},"47":{"start":{"line":48,"column":0},"end":{"line":48,"column":15}},"48":{"start":{"line":49,"column":0},"end":{"line":49,"column":7}},"49":{"start":{"line":50,"column":0},"end":{"line":50,"column":42}},"50":{"start":{"line":51,"column":0},"end":{"line":51,"column":70}},"51":{"start":{"line":52,"column":0},"end":{"line":52,"column":31}},"52":{"start":{"line":53,"column":0},"end":{"line":53,"column":6}},"53":{"start":{"line":54,"column":0},"end":{"line":54,"column":34}},"54":{"start":{"line":55,"column":0},"end":{"line":55,"column":23}},"55":{"start":{"line":56,"column":0},"end":{"line":56,"column":29}},"56":{"start":{"line":57,"column":0},"end":{"line":57,"column":5}},"57":{"start":{"line":58,"column":0},"end":{"line":58,"column":3}},"58":{"start":{"line":59,"column":0},"end":{"line":59,"column":3}},"59":{"start":{"line":60,"column":0},"end":{"line":60,"column":0}},"60":{"start":{"line":61,"column":0},"end":{"line":61,"column":14}},"61":{"start":{"line":62,"column":0},"end":{"line":62,"column":16}},"62":{"start":{"line":63,"column":0},"end":{"line":63,"column":19}},"63":{"start":{"line":64,"column":0},"end":{"line":64,"column":19}},"64":{"start":{"line":65,"column":0},"end":{"line":65,"column":21}},"65":{"start":{"line":66,"column":0},"end":{"line":66,"column":18}},"66":{"start":{"line":67,"column":0},"end":{"line":67,"column":29}},"67":{"start":{"line":68,"column":0},"end":{"line":68,"column":0}},"68":{"start":{"line":69,"column":0},"end":{"line":69,"column":65}}},"s":{"0":1,"1":1,"2":1,"3":1,"4":1,"5":1,"6":1,"7":1,"8":1,"9":1,"10":1,"11":1,"12":1,"13":1,"14":1,"15":1,"16":1,"17":1,"18":1,"19":1,"20":5,"21":1,"22":1,"23":1,"24":4,"25":1,"26":1,"27":5,"28":5,"29":1,"30":1,"31":1,"32":1,"33":1,"34":1,"35":1,"36":1,"37":1,"38":0,"39":0,"40":1,"41":1,"42":1,"43":1,"44":1,"45":0,"46":0,"47":0,"48":0,"49":0,"50":0,"51":0,"52":1,"53":1,"54":0,"55":0,"56":0,"57":1,"58":1,"59":1,"60":1,"61":1,"62":1,"63":1,"64":1,"65":1,"66":1,"67":1,"68":1},"branchMap":{"0":{"type":"branch","line":20,"loc":{"start":{"line":20,"column":15},"end":{"line":26,"column":7}},"locations":[{"start":{"line":20,"column":15},"end":{"line":26,"column":7}}]},"1":{"type":"branch","line":21,"loc":{"start":{"line":21,"column":43},"end":{"line":24,"column":9}},"locations":[{"start":{"line":21,"column":43},"end":{"line":24,"column":9}}]},"2":{"type":"branch","line":24,"loc":{"start":{"line":24,"column":8},"end":{"line":26,"column":7}},"locations":[{"start":{"line":24,"column":8},"end":{"line":26,"column":7}}]},"3":{"type":"branch","line":27,"loc":{"start":{"line":27,"column":15},"end":{"line":29,"column":8}},"locations":[{"start":{"line":27,"column":15},"end":{"line":29,"column":8}}]},"4":{"type":"branch","line":31,"loc":{"start":{"line":31,"column":22},"end":{"line":35,"column":5}},"locations":[{"start":{"line":31,"column":22},"end":{"line":35,"column":5}}]},"5":{"type":"branch","line":33,"loc":{"start":{"line":33,"column":8},"end":{"line":33,"column":56}},"locations":[{"start":{"line":33,"column":8},"end":{"line":33,"column":56}}]},"6":{"type":"branch","line":36,"loc":{"start":{"line":36,"column":22},"end":{"line":44,"column":5}},"locations":[{"start":{"line":36,"column":22},"end":{"line":44,"column":5}}]},"7":{"type":"branch","line":38,"loc":{"start":{"line":38,"column":22},"end":{"line":40,"column":7}},"locations":[{"start":{"line":38,"column":22},"end":{"line":40,"column":7}}]}},"b":{"0":[5],"1":[1],"2":[4],"3":[5],"4":[1],"5":[1],"6":[1],"7":[0]},"fnMap":{"0":{"name":"reducer","decl":{"start":{"line":20,"column":15},"end":{"line":26,"column":7}},"loc":{"start":{"line":20,"column":15},"end":{"line":26,"column":7}},"line":20},"1":{"name":"prepare","decl":{"start":{"line":27,"column":15},"end":{"line":29,"column":8}},"loc":{"start":{"line":27,"column":15},"end":{"line":29,"column":8}},"line":27},"2":{"name":"removeIngredient","decl":{"start":{"line":31,"column":22},"end":{"line":35,"column":5}},"loc":{"start":{"line":31,"column":22},"end":{"line":35,"column":5}},"line":31},"3":{"name":"moveIngredientUp","decl":{"start":{"line":36,"column":22},"end":{"line":44,"column":5}},"loc":{"start":{"line":36,"column":22},"end":{"line":44,"column":5}},"line":36},"4":{"name":"moveIngredientDown","decl":{"start":{"line":45,"column":24},"end":{"line":53,"column":5}},"loc":{"start":{"line":45,"column":24},"end":{"line":53,"column":5}},"line":45},"5":{"name":"clearConstructor","decl":{"start":{"line":54,"column":22},"end":{"line":57,"column":5}},"loc":{"start":{"line":54,"column":22},"end":{"line":57,"column":5}},"line":54}},"f":{"0":5,"1":5,"2":1,"3":1,"4":0,"5":0}}
}
