TN:
SF:src\services\slices\constructorSlice.ts
FN:20,reducer
FN:27,prepare
FN:31,removeIngredient
FN:36,moveIngredientUp
FN:45,moveIngredientDown
FN:54,clearConstructor
FNF:6
FNH:4
FNDA:5,reducer
FNDA:5,prepare
FNDA:1,removeIngredient
FNDA:1,moveIngredientUp
FNDA:0,moveIngredientDown
FNDA:0,clearConstructor
DA:1,1
DA:2,1
DA:3,1
DA:4,1
DA:5,1
DA:6,1
DA:7,1
DA:8,1
DA:9,1
DA:10,1
DA:11,1
DA:12,1
DA:13,1
DA:14,1
DA:15,1
DA:16,1
DA:17,1
DA:18,1
DA:19,1
DA:20,1
DA:21,5
DA:22,1
DA:23,1
DA:24,1
DA:25,4
DA:26,1
DA:27,1
DA:28,5
DA:29,5
DA:30,1
DA:31,1
DA:32,1
DA:33,1
DA:34,1
DA:35,1
DA:36,1
DA:37,1
DA:38,1
DA:39,0
DA:40,0
DA:41,1
DA:42,1
DA:43,1
DA:44,1
DA:45,1
DA:46,0
DA:47,0
DA:48,0
DA:49,0
DA:50,0
DA:51,0
DA:52,0
DA:53,1
DA:54,1
DA:55,0
DA:56,0
DA:57,0
DA:58,1
DA:59,1
DA:60,1
DA:61,1
DA:62,1
DA:63,1
DA:64,1
DA:65,1
DA:66,1
DA:67,1
DA:68,1
DA:69,1
LF:69
LH:57
BRDA:20,0,0,5
BRDA:21,1,0,1
BRDA:24,2,0,4
BRDA:27,3,0,5
BRDA:31,4,0,1
BRDA:33,5,0,1
BRDA:36,6,0,1
BRDA:38,7,0,0
BRF:8
BRH:7
end_of_record
